<?xml version="1.0" encoding="UTF-8"?>
<testsuite xmlns:xsi="http://www.w3.org/2001/XMLSchema-instance" xsi:noNamespaceSchemaLocation="https://maven.apache.org/surefire/maven-surefire-plugin/xsd/surefire-test-report-3.0.xsd" version="3.0" name="FilterTests" time="0.05" tests="4" errors="0" skipped="0" failures="0">
  <properties>
[...]
</properties>
  <testcase name="testFilterWithNoMatches" classname="FilterTests" time="0.008">
    <system-out><![CDATA[Loading inventory...
]]></system-out>
  </testcase>
  <testcase name="testFilterByYarnWeight" classname="FilterTests" time="0.012">
    <system-out><![CDATA[Loading inventory...
]]></system-out>
  </testcase>
  <testcase name="testFilterByBrand" classname="FilterTests" time="0.009">
    <system-out><![CDATA[Loading inventory...
]]></system-out>
  </testcase>
  <testcase name="testFilterByColor" classname="FilterTests" time="0.013">
    <system-out><![CDATA[Loading inventory...
]]></system-out>
  </testcase>
</testsuite>